{"C:\\Users\\Kushagra Agarwal\\Desktop\\code\\project\\backend\\src\\app.js": {"path":"C:\\Users\\Kushagra Agarwal\\Desktop\\code\\project\\backend\\src\\app.js","statementMap":{"0":{"start":{"line":1,"column":16},"end":{"line":1,"column":34}},"1":{"start":{"line":2,"column":13},"end":{"line":2,"column":28}},"2":{"start":{"line":3,"column":21},"end":{"line":3,"column":45}},"3":{"start":{"line":4,"column":18},"end":{"line":4,"column":47}},"4":{"start":{"line":5,"column":24},"end":{"line":5,"column":56}},"5":{"start":{"line":6,"column":15},"end":{"line":6,"column":34}},"6":{"start":{"line":8,"column":0},"end":{"line":8,"column":15}},"7":{"start":{"line":10,"column":0},"end":{"line":13,"column":3}},"8":{"start":{"line":14,"column":0},"end":{"line":14,"column":23}},"9":{"start":{"line":15,"column":0},"end":{"line":15,"column":24}},"10":{"start":{"line":16,"column":0},"end":{"line":16,"column":20}},"11":{"start":{"line":17,"column":0},"end":{"line":17,"column":72}},"12":{"start":{"line":19,"column":0},"end":{"line":19,"column":20}}},"fnMap":{},"branchMap":{},"s":{"0":3,"1":3,"2":3,"3":3,"4":3,"5":3,"6":3,"7":3,"8":3,"9":3,"10":3,"11":3,"12":3},"f":{},"b":{},"_coverageSchema":"1a1c01bbd47fc00a2c39e90264f33305004495a9","hash":"d5f6eae8575a547eef2dcafc4e4db14d3e611470"}
,"C:\\Users\\Kushagra Agarwal\\Desktop\\code\\project\\backend\\src\\routes.js": {"path":"C:\\Users\\Kushagra Agarwal\\Desktop\\code\\project\\backend\\src\\routes.js","statementMap":{"0":{"start":{"line":1,"column":19},"end":{"line":1,"column":49}},"1":{"start":{"line":2,"column":20},"end":{"line":2,"column":51}},"2":{"start":{"line":3,"column":19},"end":{"line":3,"column":49}},"3":{"start":{"line":4,"column":15},"end":{"line":4,"column":42}},"4":{"start":{"line":6,"column":0},"end":{"line":6,"column":35}},"5":{"start":{"line":7,"column":0},"end":{"line":7,"column":38}},"6":{"start":{"line":8,"column":0},"end":{"line":8,"column":35}},"7":{"start":{"line":10,"column":0},"end":{"line":10,"column":23}}},"fnMap":{},"branchMap":{},"s":{"0":3,"1":3,"2":3,"3":3,"4":3,"5":3,"6":3,"7":3},"f":{},"b":{},"_coverageSchema":"1a1c01bbd47fc00a2c39e90264f33305004495a9","hash":"03cf290d24bb6e52628248a29baa7898fd249f96"}
,"C:\\Users\\Kushagra Agarwal\\Desktop\\code\\project\\backend\\src\\controller\\auth\\loginController.js": {"path":"C:\\Users\\Kushagra Agarwal\\Desktop\\code\\project\\backend\\src\\controller\\auth\\loginController.js","statementMap":{"0":{"start":{"line":1,"column":13},"end":{"line":1,"column":41}},"1":{"start":{"line":2,"column":15},"end":{"line":2,"column":32}},"2":{"start":{"line":3,"column":12},"end":{"line":3,"column":35}},"3":{"start":{"line":6,"column":25},"end":{"line":6,"column":53}},"4":{"start":{"line":7,"column":4},"end":{"line":7,"column":36}},"5":{"start":{"line":10,"column":14},"end":{"line":43,"column":1}},"6":{"start":{"line":11,"column":42},"end":{"line":11,"column":50}},"7":{"start":{"line":14,"column":4},"end":{"line":42,"column":5}},"8":{"start":{"line":15,"column":8},"end":{"line":19,"column":9}},"9":{"start":{"line":16,"column":12},"end":{"line":16,"column":66}},"10":{"start":{"line":18,"column":12},"end":{"line":18,"column":69}},"11":{"start":{"line":21,"column":8},"end":{"line":23,"column":9}},"12":{"start":{"line":22,"column":12},"end":{"line":22,"column":71}},"13":{"start":{"line":25,"column":32},"end":{"line":25,"column":77}},"14":{"start":{"line":26,"column":8},"end":{"line":28,"column":9}},"15":{"start":{"line":27,"column":12},"end":{"line":27,"column":76}},"16":{"start":{"line":29,"column":8},"end":{"line":29,"column":36}},"17":{"start":{"line":30,"column":8},"end":{"line":30,"column":26}},"18":{"start":{"line":32,"column":22},"end":{"line":32,"column":73}},"19":{"start":{"line":33,"column":8},"end":{"line":36,"column":11}},"20":{"start":{"line":38,"column":8},"end":{"line":38,"column":58}},"21":{"start":{"line":40,"column":8},"end":{"line":40,"column":27}},"22":{"start":{"line":41,"column":8},"end":{"line":41,"column":55}},"23":{"start":{"line":45,"column":0},"end":{"line":45,"column":23}}},"fnMap":{"0":{"name":"validateEmail","decl":{"start":{"line":5,"column":9},"end":{"line":5,"column":22}},"loc":{"start":{"line":5,"column":30},"end":{"line":8,"column":1}},"line":5},"1":{"name":"(anonymous_1)","decl":{"start":{"line":10,"column":14},"end":{"line":10,"column":15}},"loc":{"start":{"line":10,"column":34},"end":{"line":43,"column":1}},"line":10}},"branchMap":{"0":{"loc":{"start":{"line":15,"column":8},"end":{"line":19,"column":9}},"type":"if","locations":[{"start":{"line":15,"column":8},"end":{"line":19,"column":9}},{"start":{"line":17,"column":15},"end":{"line":19,"column":9}}],"line":15},"1":{"loc":{"start":{"line":21,"column":8},"end":{"line":23,"column":9}},"type":"if","locations":[{"start":{"line":21,"column":8},"end":{"line":23,"column":9}},{"start":{},"end":{}}],"line":21},"2":{"loc":{"start":{"line":26,"column":8},"end":{"line":28,"column":9}},"type":"if","locations":[{"start":{"line":26,"column":8},"end":{"line":28,"column":9}},{"start":{},"end":{}}],"line":26}},"s":{"0":3,"1":3,"2":3,"3":5,"4":5,"5":3,"6":5,"7":5,"8":5,"9":4,"10":1,"11":4,"12":1,"13":3,"14":3,"15":1,"16":2,"17":2,"18":2,"19":2,"20":2,"21":1,"22":1,"23":3},"f":{"0":5,"1":5},"b":{"0":[4,1],"1":[1,3],"2":[1,2]},"_coverageSchema":"1a1c01bbd47fc00a2c39e90264f33305004495a9","hash":"33dfbf659086fe7b0344785775ad11e16ab6d14a"}
,"C:\\Users\\Kushagra Agarwal\\Desktop\\code\\project\\backend\\src\\controller\\auth\\logoutController.js": {"path":"C:\\Users\\Kushagra Agarwal\\Desktop\\code\\project\\backend\\src\\controller\\auth\\logoutController.js","statementMap":{"0":{"start":{"line":1,"column":15},"end":{"line":4,"column":1}},"1":{"start":{"line":2,"column":4},"end":{"line":2,"column":36}},"2":{"start":{"line":3,"column":4},"end":{"line":3,"column":35}},"3":{"start":{"line":6,"column":0},"end":{"line":6,"column":23}}},"fnMap":{"0":{"name":"(anonymous_0)","decl":{"start":{"line":1,"column":15},"end":{"line":1,"column":16}},"loc":{"start":{"line":1,"column":28},"end":{"line":4,"column":1}},"line":1}},"branchMap":{},"s":{"0":3,"1":0,"2":0,"3":3},"f":{"0":0},"b":{},"_coverageSchema":"1a1c01bbd47fc00a2c39e90264f33305004495a9","hash":"682e8150f7dd904e73c3446d565bec3f817b4469"}
,"C:\\Users\\Kushagra Agarwal\\Desktop\\code\\project\\backend\\src\\controller\\auth\\signupController.js": {"path":"C:\\Users\\Kushagra Agarwal\\Desktop\\code\\project\\backend\\src\\controller\\auth\\signupController.js","statementMap":{"0":{"start":{"line":1,"column":13},"end":{"line":1,"column":41}},"1":{"start":{"line":2,"column":21},"end":{"line":2,"column":57}},"2":{"start":{"line":3,"column":15},"end":{"line":3,"column":32}},"3":{"start":{"line":5,"column":15},"end":{"line":40,"column":1}},"4":{"start":{"line":6,"column":38},"end":{"line":6,"column":46}},"5":{"start":{"line":8,"column":4},"end":{"line":39,"column":5}},"6":{"start":{"line":9,"column":27},"end":{"line":9,"column":29}},"7":{"start":{"line":10,"column":31},"end":{"line":10,"column":79}},"8":{"start":{"line":12,"column":39},"end":{"line":12,"column":68}},"9":{"start":{"line":13,"column":8},"end":{"line":13,"column":115}},"10":{"start":{"line":13,"column":35},"end":{"line":13,"column":115}},"11":{"start":{"line":15,"column":38},"end":{"line":15,"column":70}},"12":{"start":{"line":16,"column":8},"end":{"line":16,"column":117}},"13":{"start":{"line":16,"column":34},"end":{"line":16,"column":117}},"14":{"start":{"line":18,"column":21},"end":{"line":23,"column":10}},"15":{"start":{"line":25,"column":23},"end":{"line":25,"column":40}},"16":{"start":{"line":27,"column":32},"end":{"line":30,"column":10}},"17":{"start":{"line":31,"column":8},"end":{"line":31,"column":37}},"18":{"start":{"line":34,"column":38},"end":{"line":34,"column":82}},"19":{"start":{"line":35,"column":8},"end":{"line":35,"column":53}},"20":{"start":{"line":37,"column":8},"end":{"line":37,"column":27}},"21":{"start":{"line":38,"column":8},"end":{"line":38,"column":55}},"22":{"start":{"line":42,"column":0},"end":{"line":42,"column":23}}},"fnMap":{"0":{"name":"(anonymous_0)","decl":{"start":{"line":5,"column":15},"end":{"line":5,"column":16}},"loc":{"start":{"line":5,"column":34},"end":{"line":40,"column":1}},"line":5}},"branchMap":{"0":{"loc":{"start":{"line":13,"column":8},"end":{"line":13,"column":115}},"type":"if","locations":[{"start":{"line":13,"column":8},"end":{"line":13,"column":115}},{"start":{},"end":{}}],"line":13},"1":{"loc":{"start":{"line":16,"column":8},"end":{"line":16,"column":117}},"type":"if","locations":[{"start":{"line":16,"column":8},"end":{"line":16,"column":117}},{"start":{},"end":{}}],"line":16},"2":{"loc":{"start":{"line":34,"column":38},"end":{"line":34,"column":82}},"type":"cond-expr","locations":[{"start":{"line":34,"column":56},"end":{"line":34,"column":73}},{"start":{"line":34,"column":76},"end":{"line":34,"column":82}}],"line":34}},"s":{"0":3,"1":3,"2":3,"3":3,"4":4,"5":4,"6":4,"7":4,"8":4,"9":3,"10":1,"11":2,"12":2,"13":1,"14":1,"15":1,"16":1,"17":1,"18":1,"19":1,"20":1,"21":1,"22":3},"f":{"0":4},"b":{"0":[1,2],"1":[1,1],"2":[0,1]},"_coverageSchema":"1a1c01bbd47fc00a2c39e90264f33305004495a9","hash":"36f32357551a9584be0873865b4a87fc63aed3c3"}
,"C:\\Users\\Kushagra Agarwal\\Desktop\\code\\project\\backend\\src\\controller\\auth\\userController.js": {"path":"C:\\Users\\Kushagra Agarwal\\Desktop\\code\\project\\backend\\src\\controller\\auth\\userController.js","statementMap":{"0":{"start":{"line":1,"column":13},"end":{"line":1,"column":41}},"1":{"start":{"line":2,"column":12},"end":{"line":2,"column":35}},"2":{"start":{"line":4,"column":13},"end":{"line":31,"column":1}},"3":{"start":{"line":5,"column":4},"end":{"line":30,"column":5}},"4":{"start":{"line":6,"column":23},"end":{"line":6,"column":41}},"5":{"start":{"line":7,"column":8},"end":{"line":9,"column":9}},"6":{"start":{"line":8,"column":12},"end":{"line":8,"column":72}},"7":{"start":{"line":12,"column":8},"end":{"line":16,"column":9}},"8":{"start":{"line":13,"column":12},"end":{"line":13,"column":64}},"9":{"start":{"line":15,"column":12},"end":{"line":15,"column":72}},"10":{"start":{"line":18,"column":25},"end":{"line":18,"column":64}},"11":{"start":{"line":20,"column":8},"end":{"line":22,"column":9}},"12":{"start":{"line":21,"column":12},"end":{"line":21,"column":72}},"13":{"start":{"line":24,"column":38},"end":{"line":24,"column":55}},"14":{"start":{"line":26,"column":8},"end":{"line":26,"column":23}},"15":{"start":{"line":28,"column":8},"end":{"line":28,"column":27}},"16":{"start":{"line":29,"column":8},"end":{"line":29,"column":67}},"17":{"start":{"line":33,"column":0},"end":{"line":33,"column":22}}},"fnMap":{"0":{"name":"(anonymous_0)","decl":{"start":{"line":4,"column":13},"end":{"line":4,"column":14}},"loc":{"start":{"line":4,"column":33},"end":{"line":31,"column":1}},"line":4}},"branchMap":{"0":{"loc":{"start":{"line":7,"column":8},"end":{"line":9,"column":9}},"type":"if","locations":[{"start":{"line":7,"column":8},"end":{"line":9,"column":9}},{"start":{},"end":{}}],"line":7},"1":{"loc":{"start":{"line":20,"column":8},"end":{"line":22,"column":9}},"type":"if","locations":[{"start":{"line":20,"column":8},"end":{"line":22,"column":9}},{"start":{},"end":{}}],"line":20}},"s":{"0":3,"1":3,"2":3,"3":4,"4":4,"5":4,"6":1,"7":3,"8":3,"9":1,"10":2,"11":2,"12":1,"13":1,"14":1,"15":0,"16":0,"17":3},"f":{"0":4},"b":{"0":[1,3],"1":[1,1]},"_coverageSchema":"1a1c01bbd47fc00a2c39e90264f33305004495a9","hash":"8aac1fc24b8b32bcba56e403bb23b2b3e0a3d50e"}
,"C:\\Users\\Kushagra Agarwal\\Desktop\\code\\project\\backend\\src\\controller\\quest\\completedQuestController.js": {"path":"C:\\Users\\Kushagra Agarwal\\Desktop\\code\\project\\backend\\src\\controller\\quest\\completedQuestController.js","statementMap":{"0":{"start":{"line":1,"column":21},"end":{"line":1,"column":57}},"1":{"start":{"line":2,"column":12},"end":{"line":2,"column":35}},"2":{"start":{"line":4,"column":23},"end":{"line":31,"column":1}},"3":{"start":{"line":5,"column":4},"end":{"line":30,"column":5}},"4":{"start":{"line":6,"column":8},"end":{"line":6,"column":52}},"5":{"start":{"line":8,"column":22},"end":{"line":8,"column":40}},"6":{"start":{"line":9,"column":8},"end":{"line":11,"column":9}},"7":{"start":{"line":10,"column":12},"end":{"line":10,"column":104}},"8":{"start":{"line":13,"column":24},"end":{"line":13,"column":65}},"9":{"start":{"line":14,"column":23},"end":{"line":14,"column":34}},"10":{"start":{"line":16,"column":29},"end":{"line":18,"column":41}},"11":{"start":{"line":20,"column":8},"end":{"line":22,"column":9}},"12":{"start":{"line":21,"column":12},"end":{"line":21,"column":44}},"13":{"start":{"line":24,"column":30},"end":{"line":24,"column":88}},"14":{"start":{"line":24,"column":74},"end":{"line":24,"column":87}},"15":{"start":{"line":26,"column":8},"end":{"line":26,"column":32}},"16":{"start":{"line":28,"column":8},"end":{"line":28,"column":65}},"17":{"start":{"line":29,"column":8},"end":{"line":29,"column":67}},"18":{"start":{"line":33,"column":0},"end":{"line":33,"column":32}}},"fnMap":{"0":{"name":"(anonymous_0)","decl":{"start":{"line":4,"column":23},"end":{"line":4,"column":24}},"loc":{"start":{"line":4,"column":43},"end":{"line":31,"column":1}},"line":4},"1":{"name":"(anonymous_1)","decl":{"start":{"line":24,"column":69},"end":{"line":24,"column":70}},"loc":{"start":{"line":24,"column":74},"end":{"line":24,"column":87}},"line":24}},"branchMap":{"0":{"loc":{"start":{"line":9,"column":8},"end":{"line":11,"column":9}},"type":"if","locations":[{"start":{"line":9,"column":8},"end":{"line":11,"column":9}},{"start":{},"end":{}}],"line":9},"1":{"loc":{"start":{"line":20,"column":8},"end":{"line":22,"column":9}},"type":"if","locations":[{"start":{"line":20,"column":8},"end":{"line":22,"column":9}},{"start":{},"end":{}}],"line":20}},"s":{"0":3,"1":3,"2":3,"3":0,"4":0,"5":0,"6":0,"7":0,"8":0,"9":0,"10":0,"11":0,"12":0,"13":0,"14":0,"15":0,"16":0,"17":0,"18":3},"f":{"0":0,"1":0},"b":{"0":[0,0],"1":[0,0]},"_coverageSchema":"1a1c01bbd47fc00a2c39e90264f33305004495a9","hash":"5599952eaeab7015bb94cd8874fb4d4138f62c9c"}
,"C:\\Users\\Kushagra Agarwal\\Desktop\\code\\project\\backend\\src\\controller\\quest\\createQuestController.js": {"path":"C:\\Users\\Kushagra Agarwal\\Desktop\\code\\project\\backend\\src\\controller\\quest\\createQuestController.js","statementMap":{"0":{"start":{"line":1,"column":12},"end":{"line":1,"column":35}},"1":{"start":{"line":2,"column":14},"end":{"line":2,"column":43}},"2":{"start":{"line":3,"column":25},"end":{"line":3,"column":65}},"3":{"start":{"line":5,"column":20},"end":{"line":68,"column":1}},"4":{"start":{"line":6,"column":4},"end":{"line":67,"column":5}},"5":{"start":{"line":7,"column":22},"end":{"line":7,"column":40}},"6":{"start":{"line":8,"column":8},"end":{"line":10,"column":9}},"7":{"start":{"line":9,"column":12},"end":{"line":9,"column":104}},"8":{"start":{"line":12,"column":24},"end":{"line":12,"column":65}},"9":{"start":{"line":13,"column":23},"end":{"line":13,"column":34}},"10":{"start":{"line":31,"column":12},"end":{"line":31,"column":20}},"11":{"start":{"line":33,"column":24},"end":{"line":33,"column":47}},"12":{"start":{"line":35,"column":8},"end":{"line":39,"column":9}},"13":{"start":{"line":36,"column":12},"end":{"line":36,"column":80}},"14":{"start":{"line":37,"column":15},"end":{"line":39,"column":9}},"15":{"start":{"line":38,"column":12},"end":{"line":38,"column":60}},"16":{"start":{"line":41,"column":25},"end":{"line":54,"column":10}},"17":{"start":{"line":55,"column":8},"end":{"line":55,"column":30}},"18":{"start":{"line":57,"column":36},"end":{"line":60,"column":10}},"19":{"start":{"line":61,"column":8},"end":{"line":61,"column":41}},"20":{"start":{"line":63,"column":8},"end":{"line":63,"column":104}},"21":{"start":{"line":65,"column":8},"end":{"line":65,"column":54}},"22":{"start":{"line":66,"column":8},"end":{"line":66,"column":90}},"23":{"start":{"line":70,"column":0},"end":{"line":70,"column":29}}},"fnMap":{"0":{"name":"(anonymous_0)","decl":{"start":{"line":5,"column":20},"end":{"line":5,"column":21}},"loc":{"start":{"line":5,"column":40},"end":{"line":68,"column":1}},"line":5}},"branchMap":{"0":{"loc":{"start":{"line":8,"column":8},"end":{"line":10,"column":9}},"type":"if","locations":[{"start":{"line":8,"column":8},"end":{"line":10,"column":9}},{"start":{},"end":{}}],"line":8},"1":{"loc":{"start":{"line":35,"column":8},"end":{"line":39,"column":9}},"type":"if","locations":[{"start":{"line":35,"column":8},"end":{"line":39,"column":9}},{"start":{"line":37,"column":15},"end":{"line":39,"column":9}}],"line":35},"2":{"loc":{"start":{"line":37,"column":15},"end":{"line":39,"column":9}},"type":"if","locations":[{"start":{"line":37,"column":15},"end":{"line":39,"column":9}},{"start":{},"end":{}}],"line":37}},"s":{"0":3,"1":3,"2":3,"3":3,"4":0,"5":0,"6":0,"7":0,"8":0,"9":0,"10":0,"11":0,"12":0,"13":0,"14":0,"15":0,"16":0,"17":0,"18":0,"19":0,"20":0,"21":0,"22":0,"23":3},"f":{"0":0},"b":{"0":[0,0],"1":[0,0],"2":[0,0]},"_coverageSchema":"1a1c01bbd47fc00a2c39e90264f33305004495a9","hash":"dda9cba8e82b4fd0b1b7c5f26f42c2bd43c3e758"}
,"C:\\Users\\Kushagra Agarwal\\Desktop\\code\\project\\backend\\src\\controller\\quest\\getQuestListController.js": {"path":"C:\\Users\\Kushagra Agarwal\\Desktop\\code\\project\\backend\\src\\controller\\quest\\getQuestListController.js","statementMap":{"0":{"start":{"line":1,"column":14},"end":{"line":1,"column":43}},"1":{"start":{"line":2,"column":12},"end":{"line":2,"column":35}},"2":{"start":{"line":4,"column":21},"end":{"line":31,"column":1}},"3":{"start":{"line":5,"column":4},"end":{"line":30,"column":5}},"4":{"start":{"line":6,"column":22},"end":{"line":6,"column":32}},"5":{"start":{"line":8,"column":29},"end":{"line":12,"column":10}},"6":{"start":{"line":13,"column":22},"end":{"line":13,"column":40}},"7":{"start":{"line":15,"column":8},"end":{"line":17,"column":9}},"8":{"start":{"line":16,"column":12},"end":{"line":16,"column":104}},"9":{"start":{"line":18,"column":24},"end":{"line":18,"column":65}},"10":{"start":{"line":19,"column":23},"end":{"line":19,"column":34}},"11":{"start":{"line":21,"column":31},"end":{"line":24,"column":11}},"12":{"start":{"line":21,"column":58},"end":{"line":24,"column":9}},"13":{"start":{"line":26,"column":8},"end":{"line":26,"column":45}},"14":{"start":{"line":28,"column":8},"end":{"line":28,"column":62}},"15":{"start":{"line":29,"column":8},"end":{"line":29,"column":58}},"16":{"start":{"line":33,"column":0},"end":{"line":33,"column":30}}},"fnMap":{"0":{"name":"(anonymous_0)","decl":{"start":{"line":4,"column":21},"end":{"line":4,"column":22}},"loc":{"start":{"line":4,"column":41},"end":{"line":31,"column":1}},"line":4},"1":{"name":"(anonymous_1)","decl":{"start":{"line":21,"column":48},"end":{"line":21,"column":49}},"loc":{"start":{"line":21,"column":58},"end":{"line":24,"column":9}},"line":21}},"branchMap":{"0":{"loc":{"start":{"line":15,"column":8},"end":{"line":17,"column":9}},"type":"if","locations":[{"start":{"line":15,"column":8},"end":{"line":17,"column":9}},{"start":{},"end":{}}],"line":15}},"s":{"0":3,"1":3,"2":3,"3":0,"4":0,"5":0,"6":0,"7":0,"8":0,"9":0,"10":0,"11":0,"12":0,"13":0,"14":0,"15":0,"16":3},"f":{"0":0,"1":0},"b":{"0":[0,0]},"_coverageSchema":"1a1c01bbd47fc00a2c39e90264f33305004495a9","hash":"22e027b132dfd362f47bce041c6864794ae8c248"}
,"C:\\Users\\Kushagra Agarwal\\Desktop\\code\\project\\backend\\src\\controller\\quest\\leaderboardController.js": {"path":"C:\\Users\\Kushagra Agarwal\\Desktop\\code\\project\\backend\\src\\controller\\quest\\leaderboardController.js","statementMap":{"0":{"start":{"line":1,"column":25},"end":{"line":1,"column":65}},"1":{"start":{"line":3,"column":24},"end":{"line":17,"column":1}},"2":{"start":{"line":4,"column":4},"end":{"line":16,"column":5}},"3":{"start":{"line":5,"column":28},"end":{"line":5,"column":38}},"4":{"start":{"line":6,"column":32},"end":{"line":6,"column":118}},"5":{"start":{"line":8,"column":8},"end":{"line":10,"column":9}},"6":{"start":{"line":9,"column":12},"end":{"line":9,"column":78}},"7":{"start":{"line":12,"column":8},"end":{"line":12,"column":71}},"8":{"start":{"line":14,"column":8},"end":{"line":14,"column":60}},"9":{"start":{"line":15,"column":8},"end":{"line":15,"column":58}},"10":{"start":{"line":19,"column":0},"end":{"line":19,"column":32}}},"fnMap":{"0":{"name":"(anonymous_0)","decl":{"start":{"line":3,"column":24},"end":{"line":3,"column":25}},"loc":{"start":{"line":3,"column":43},"end":{"line":17,"column":1}},"line":3}},"branchMap":{"0":{"loc":{"start":{"line":8,"column":8},"end":{"line":10,"column":9}},"type":"if","locations":[{"start":{"line":8,"column":8},"end":{"line":10,"column":9}},{"start":{},"end":{}}],"line":8}},"s":{"0":3,"1":3,"2":0,"3":0,"4":0,"5":0,"6":0,"7":0,"8":0,"9":0,"10":3},"f":{"0":0},"b":{"0":[0,0]},"_coverageSchema":"1a1c01bbd47fc00a2c39e90264f33305004495a9","hash":"491c4c26ec6ea040d58cf0ccde4eac42f7084a64"}
,"C:\\Users\\Kushagra Agarwal\\Desktop\\code\\project\\backend\\src\\controller\\quest\\updateProgressController.js": {"path":"C:\\Users\\Kushagra Agarwal\\Desktop\\code\\project\\backend\\src\\controller\\quest\\updateProgressController.js","statementMap":{"0":{"start":{"line":1,"column":14},"end":{"line":1,"column":43}},"1":{"start":{"line":2,"column":13},"end":{"line":2,"column":41}},"2":{"start":{"line":3,"column":25},"end":{"line":3,"column":65}},"3":{"start":{"line":4,"column":21},"end":{"line":4,"column":57}},"4":{"start":{"line":5,"column":12},"end":{"line":5,"column":35}},"5":{"start":{"line":7,"column":23},"end":{"line":110,"column":1}},"6":{"start":{"line":8,"column":4},"end":{"line":109,"column":5}},"7":{"start":{"line":9,"column":28},"end":{"line":9,"column":36}},"8":{"start":{"line":11,"column":8},"end":{"line":13,"column":9}},"9":{"start":{"line":12,"column":12},"end":{"line":12,"column":105}},"10":{"start":{"line":16,"column":22},"end":{"line":16,"column":38}},"11":{"start":{"line":17,"column":8},"end":{"line":19,"column":9}},"12":{"start":{"line":18,"column":12},"end":{"line":18,"column":104}},"13":{"start":{"line":22,"column":24},"end":{"line":22,"column":65}},"14":{"start":{"line":23,"column":23},"end":{"line":23,"column":42}},"15":{"start":{"line":24,"column":27},"end":{"line":24,"column":42}},"16":{"start":{"line":27,"column":22},"end":{"line":27,"column":54}},"17":{"start":{"line":28,"column":8},"end":{"line":30,"column":9}},"18":{"start":{"line":29,"column":12},"end":{"line":29,"column":88}},"19":{"start":{"line":33,"column":27},"end":{"line":37,"column":9}},"20":{"start":{"line":40,"column":35},"end":{"line":40,"column":115}},"21":{"start":{"line":40,"column":82},"end":{"line":40,"column":114}},"22":{"start":{"line":42,"column":8},"end":{"line":53,"column":9}},"23":{"start":{"line":43,"column":12},"end":{"line":48,"column":15}},"24":{"start":{"line":50,"column":12},"end":{"line":50,"column":87}},"25":{"start":{"line":51,"column":12},"end":{"line":51,"column":83}},"26":{"start":{"line":52,"column":12},"end":{"line":52,"column":89}},"27":{"start":{"line":55,"column":8},"end":{"line":55,"column":34}},"28":{"start":{"line":58,"column":19},"end":{"line":58,"column":46}},"29":{"start":{"line":59,"column":8},"end":{"line":61,"column":9}},"30":{"start":{"line":60,"column":12},"end":{"line":60,"column":87}},"31":{"start":{"line":64,"column":8},"end":{"line":79,"column":9}},"32":{"start":{"line":65,"column":12},"end":{"line":65,"column":55}},"33":{"start":{"line":66,"column":15},"end":{"line":79,"column":9}},"34":{"start":{"line":67,"column":12},"end":{"line":69,"column":13}},"35":{"start":{"line":68,"column":16},"end":{"line":68,"column":53}},"36":{"start":{"line":70,"column":15},"end":{"line":79,"column":9}},"37":{"start":{"line":71,"column":34},"end":{"line":71,"column":92}},"38":{"start":{"line":72,"column":12},"end":{"line":74,"column":13}},"39":{"start":{"line":72,"column":41},"end":{"line":72,"column":77}},"40":{"start":{"line":73,"column":16},"end":{"line":73,"column":47}},"41":{"start":{"line":75,"column":15},"end":{"line":79,"column":9}},"42":{"start":{"line":76,"column":12},"end":{"line":78,"column":13}},"43":{"start":{"line":77,"column":16},"end":{"line":77,"column":53}},"44":{"start":{"line":81,"column":8},"end":{"line":81,"column":26}},"45":{"start":{"line":84,"column":31},"end":{"line":88,"column":9}},"46":{"start":{"line":91,"column":8},"end":{"line":103,"column":9}},"47":{"start":{"line":91,"column":56},"end":{"line":91,"column":87}},"48":{"start":{"line":92,"column":12},"end":{"line":92,"column":83}},"49":{"start":{"line":95,"column":12},"end":{"line":95,"column":87}},"50":{"start":{"line":95,"column":56},"end":{"line":95,"column":85}},"51":{"start":{"line":98,"column":12},"end":{"line":100,"column":15}},"52":{"start":{"line":99,"column":16},"end":{"line":99,"column":39}},"53":{"start":{"line":102,"column":12},"end":{"line":102,"column":42}},"54":{"start":{"line":105,"column":8},"end":{"line":105,"column":116}},"55":{"start":{"line":107,"column":8},"end":{"line":107,"column":63}},"56":{"start":{"line":108,"column":8},"end":{"line":108,"column":83}},"57":{"start":{"line":112,"column":0},"end":{"line":112,"column":32}}},"fnMap":{"0":{"name":"(anonymous_0)","decl":{"start":{"line":7,"column":23},"end":{"line":7,"column":24}},"loc":{"start":{"line":7,"column":43},"end":{"line":110,"column":1}},"line":7},"1":{"name":"(anonymous_1)","decl":{"start":{"line":40,"column":77},"end":{"line":40,"column":78}},"loc":{"start":{"line":40,"column":82},"end":{"line":40,"column":114}},"line":40},"2":{"name":"(anonymous_2)","decl":{"start":{"line":72,"column":33},"end":{"line":72,"column":34}},"loc":{"start":{"line":72,"column":41},"end":{"line":72,"column":77}},"line":72},"3":{"name":"(anonymous_3)","decl":{"start":{"line":91,"column":47},"end":{"line":91,"column":48}},"loc":{"start":{"line":91,"column":56},"end":{"line":91,"column":87}},"line":91},"4":{"name":"(anonymous_4)","decl":{"start":{"line":95,"column":46},"end":{"line":95,"column":47}},"loc":{"start":{"line":95,"column":56},"end":{"line":95,"column":85}},"line":95},"5":{"name":"(anonymous_5)","decl":{"start":{"line":98,"column":49},"end":{"line":98,"column":50}},"loc":{"start":{"line":98,"column":67},"end":{"line":100,"column":13}},"line":98}},"branchMap":{"0":{"loc":{"start":{"line":11,"column":8},"end":{"line":13,"column":9}},"type":"if","locations":[{"start":{"line":11,"column":8},"end":{"line":13,"column":9}},{"start":{},"end":{}}],"line":11},"1":{"loc":{"start":{"line":17,"column":8},"end":{"line":19,"column":9}},"type":"if","locations":[{"start":{"line":17,"column":8},"end":{"line":19,"column":9}},{"start":{},"end":{}}],"line":17},"2":{"loc":{"start":{"line":28,"column":8},"end":{"line":30,"column":9}},"type":"if","locations":[{"start":{"line":28,"column":8},"end":{"line":30,"column":9}},{"start":{},"end":{}}],"line":28},"3":{"loc":{"start":{"line":42,"column":8},"end":{"line":53,"column":9}},"type":"if","locations":[{"start":{"line":42,"column":8},"end":{"line":53,"column":9}},{"start":{"line":49,"column":15},"end":{"line":53,"column":9}}],"line":42},"4":{"loc":{"start":{"line":59,"column":8},"end":{"line":61,"column":9}},"type":"if","locations":[{"start":{"line":59,"column":8},"end":{"line":61,"column":9}},{"start":{},"end":{}}],"line":59},"5":{"loc":{"start":{"line":64,"column":8},"end":{"line":79,"column":9}},"type":"if","locations":[{"start":{"line":64,"column":8},"end":{"line":79,"column":9}},{"start":{"line":66,"column":15},"end":{"line":79,"column":9}}],"line":64},"6":{"loc":{"start":{"line":66,"column":15},"end":{"line":79,"column":9}},"type":"if","locations":[{"start":{"line":66,"column":15},"end":{"line":79,"column":9}},{"start":{"line":70,"column":15},"end":{"line":79,"column":9}}],"line":66},"7":{"loc":{"start":{"line":67,"column":12},"end":{"line":69,"column":13}},"type":"if","locations":[{"start":{"line":67,"column":12},"end":{"line":69,"column":13}},{"start":{},"end":{}}],"line":67},"8":{"loc":{"start":{"line":70,"column":15},"end":{"line":79,"column":9}},"type":"if","locations":[{"start":{"line":70,"column":15},"end":{"line":79,"column":9}},{"start":{"line":75,"column":15},"end":{"line":79,"column":9}}],"line":70},"9":{"loc":{"start":{"line":72,"column":12},"end":{"line":74,"column":13}},"type":"if","locations":[{"start":{"line":72,"column":12},"end":{"line":74,"column":13}},{"start":{},"end":{}}],"line":72},"10":{"loc":{"start":{"line":75,"column":15},"end":{"line":79,"column":9}},"type":"if","locations":[{"start":{"line":75,"column":15},"end":{"line":79,"column":9}},{"start":{},"end":{}}],"line":75},"11":{"loc":{"start":{"line":76,"column":12},"end":{"line":78,"column":13}},"type":"if","locations":[{"start":{"line":76,"column":12},"end":{"line":78,"column":13}},{"start":{},"end":{}}],"line":76},"12":{"loc":{"start":{"line":91,"column":8},"end":{"line":103,"column":9}},"type":"if","locations":[{"start":{"line":91,"column":8},"end":{"line":103,"column":9}},{"start":{},"end":{}}],"line":91}},"s":{"0":3,"1":3,"2":3,"3":3,"4":3,"5":3,"6":0,"7":0,"8":0,"9":0,"10":0,"11":0,"12":0,"13":0,"14":0,"15":0,"16":0,"17":0,"18":0,"19":0,"20":0,"21":0,"22":0,"23":0,"24":0,"25":0,"26":0,"27":0,"28":0,"29":0,"30":0,"31":0,"32":0,"33":0,"34":0,"35":0,"36":0,"37":0,"38":0,"39":0,"40":0,"41":0,"42":0,"43":0,"44":0,"45":0,"46":0,"47":0,"48":0,"49":0,"50":0,"51":0,"52":0,"53":0,"54":0,"55":0,"56":0,"57":3},"f":{"0":0,"1":0,"2":0,"3":0,"4":0,"5":0},"b":{"0":[0,0],"1":[0,0],"2":[0,0],"3":[0,0],"4":[0,0],"5":[0,0],"6":[0,0],"7":[0,0],"8":[0,0],"9":[0,0],"10":[0,0],"11":[0,0],"12":[0,0]},"_coverageSchema":"1a1c01bbd47fc00a2c39e90264f33305004495a9","hash":"452dfd640bb01827d879e129ea777f6e3d0257dd"}
,"C:\\Users\\Kushagra Agarwal\\Desktop\\code\\project\\backend\\src\\controller\\user\\fetchUserDetailsController.js": {"path":"C:\\Users\\Kushagra Agarwal\\Desktop\\code\\project\\backend\\src\\controller\\user\\fetchUserDetailsController.js","statementMap":{"0":{"start":{"line":1,"column":13},"end":{"line":1,"column":41}},"1":{"start":{"line":2,"column":21},"end":{"line":2,"column":57}},"2":{"start":{"line":3,"column":14},"end":{"line":3,"column":43}},"3":{"start":{"line":4,"column":25},"end":{"line":4,"column":65}},"4":{"start":{"line":5,"column":12},"end":{"line":5,"column":35}},"5":{"start":{"line":7,"column":25},"end":{"line":63,"column":1}},"6":{"start":{"line":8,"column":4},"end":{"line":62,"column":5}},"7":{"start":{"line":9,"column":22},"end":{"line":9,"column":38}},"8":{"start":{"line":10,"column":8},"end":{"line":12,"column":9}},"9":{"start":{"line":11,"column":12},"end":{"line":11,"column":104}},"10":{"start":{"line":13,"column":24},"end":{"line":13,"column":65}},"11":{"start":{"line":14,"column":23},"end":{"line":14,"column":42}},"12":{"start":{"line":16,"column":21},"end":{"line":16,"column":68}},"13":{"start":{"line":17,"column":8},"end":{"line":17,"column":78}},"14":{"start":{"line":17,"column":19},"end":{"line":17,"column":78}},"15":{"start":{"line":19,"column":29},"end":{"line":19,"column":96}},"16":{"start":{"line":21,"column":30},"end":{"line":21,"column":32}},"17":{"start":{"line":22,"column":8},"end":{"line":48,"column":9}},"18":{"start":{"line":23,"column":12},"end":{"line":47,"column":14}},"19":{"start":{"line":25,"column":33},"end":{"line":25,"column":46}},"20":{"start":{"line":27,"column":45},"end":{"line":27,"column":115}},"21":{"start":{"line":30,"column":49},"end":{"line":30,"column":107}},"22":{"start":{"line":31,"column":35},"end":{"line":31,"column":47}},"23":{"start":{"line":32,"column":24},"end":{"line":37,"column":25}},"24":{"start":{"line":33,"column":45},"end":{"line":33,"column":120}},"25":{"start":{"line":33,"column":88},"end":{"line":33,"column":119}},"26":{"start":{"line":34,"column":28},"end":{"line":36,"column":29}},"27":{"start":{"line":35,"column":32},"end":{"line":35,"column":53}},"28":{"start":{"line":39,"column":24},"end":{"line":45,"column":26}},"29":{"start":{"line":50,"column":8},"end":{"line":58,"column":11}},"30":{"start":{"line":60,"column":8},"end":{"line":60,"column":29}},"31":{"start":{"line":61,"column":8},"end":{"line":61,"column":58}},"32":{"start":{"line":65,"column":0},"end":{"line":65,"column":34}}},"fnMap":{"0":{"name":"(anonymous_0)","decl":{"start":{"line":7,"column":25},"end":{"line":7,"column":26}},"loc":{"start":{"line":7,"column":45},"end":{"line":63,"column":1}},"line":7},"1":{"name":"(anonymous_1)","decl":{"start":{"line":25,"column":28},"end":{"line":25,"column":29}},"loc":{"start":{"line":25,"column":33},"end":{"line":25,"column":46}},"line":25},"2":{"name":"(anonymous_2)","decl":{"start":{"line":26,"column":25},"end":{"line":26,"column":26}},"loc":{"start":{"line":26,"column":42},"end":{"line":46,"column":21}},"line":26},"3":{"name":"(anonymous_3)","decl":{"start":{"line":33,"column":79},"end":{"line":33,"column":80}},"loc":{"start":{"line":33,"column":88},"end":{"line":33,"column":119}},"line":33}},"branchMap":{"0":{"loc":{"start":{"line":10,"column":8},"end":{"line":12,"column":9}},"type":"if","locations":[{"start":{"line":10,"column":8},"end":{"line":12,"column":9}},{"start":{},"end":{}}],"line":10},"1":{"loc":{"start":{"line":17,"column":8},"end":{"line":17,"column":78}},"type":"if","locations":[{"start":{"line":17,"column":8},"end":{"line":17,"column":78}},{"start":{},"end":{}}],"line":17},"2":{"loc":{"start":{"line":22,"column":8},"end":{"line":48,"column":9}},"type":"if","locations":[{"start":{"line":22,"column":8},"end":{"line":48,"column":9}},{"start":{},"end":{}}],"line":22},"3":{"loc":{"start":{"line":32,"column":24},"end":{"line":37,"column":25}},"type":"if","locations":[{"start":{"line":32,"column":24},"end":{"line":37,"column":25}},{"start":{},"end":{}}],"line":32},"4":{"loc":{"start":{"line":34,"column":28},"end":{"line":36,"column":29}},"type":"if","locations":[{"start":{"line":34,"column":28},"end":{"line":36,"column":29}},{"start":{},"end":{}}],"line":34},"5":{"loc":{"start":{"line":40,"column":35},"end":{"line":40,"column":73}},"type":"binary-expr","locations":[{"start":{"line":40,"column":35},"end":{"line":40,"column":54}},{"start":{"line":40,"column":58},"end":{"line":40,"column":73}}],"line":40},"6":{"loc":{"start":{"line":41,"column":41},"end":{"line":41,"column":96}},"type":"binary-expr","locations":[{"start":{"line":41,"column":41},"end":{"line":41,"column":66}},{"start":{"line":41,"column":70},"end":{"line":41,"column":96}}],"line":41},"7":{"loc":{"start":{"line":42,"column":36},"end":{"line":42,"column":78}},"type":"binary-expr","locations":[{"start":{"line":42,"column":36},"end":{"line":42,"column":63}},{"start":{"line":42,"column":67},"end":{"line":42,"column":78}}],"line":42}},"s":{"0":3,"1":3,"2":3,"3":3,"4":3,"5":3,"6":0,"7":0,"8":0,"9":0,"10":0,"11":0,"12":0,"13":0,"14":0,"15":0,"16":0,"17":0,"18":0,"19":0,"20":0,"21":0,"22":0,"23":0,"24":0,"25":0,"26":0,"27":0,"28":0,"29":0,"30":0,"31":0,"32":3},"f":{"0":0,"1":0,"2":0,"3":0},"b":{"0":[0,0],"1":[0,0],"2":[0,0],"3":[0,0],"4":[0,0],"5":[0,0],"6":[0,0],"7":[0,0]},"_coverageSchema":"1a1c01bbd47fc00a2c39e90264f33305004495a9","hash":"f32a7ae5972f4a262191cd761f7ed0774063553a"}
,"C:\\Users\\Kushagra Agarwal\\Desktop\\code\\project\\backend\\src\\models\\Quest.js": {"path":"C:\\Users\\Kushagra Agarwal\\Desktop\\code\\project\\backend\\src\\models\\Quest.js","statementMap":{"0":{"start":{"line":1,"column":17},"end":{"line":1,"column":36}},"1":{"start":{"line":3,"column":20},"end":{"line":42,"column":24}},"2":{"start":{"line":44,"column":14},"end":{"line":44,"column":50}},"3":{"start":{"line":45,"column":0},"end":{"line":45,"column":23}}},"fnMap":{},"branchMap":{},"s":{"0":3,"1":3,"2":3,"3":3},"f":{},"b":{},"_coverageSchema":"1a1c01bbd47fc00a2c39e90264f33305004495a9","hash":"9a9a208760e96ee4412ece39fc186c6835aca9a9"}
,"C:\\Users\\Kushagra Agarwal\\Desktop\\code\\project\\backend\\src\\models\\QuestLeaderboard.js": {"path":"C:\\Users\\Kushagra Agarwal\\Desktop\\code\\project\\backend\\src\\models\\QuestLeaderboard.js","statementMap":{"0":{"start":{"line":1,"column":17},"end":{"line":1,"column":36}},"1":{"start":{"line":3,"column":31},"end":{"line":12,"column":2}},"2":{"start":{"line":14,"column":0},"end":{"line":17,"column":3}},"3":{"start":{"line":15,"column":4},"end":{"line":15,"column":53}},"4":{"start":{"line":15,"column":36},"end":{"line":15,"column":51}},"5":{"start":{"line":16,"column":4},"end":{"line":16,"column":11}},"6":{"start":{"line":19,"column":25},"end":{"line":19,"column":83}},"7":{"start":{"line":21,"column":0},"end":{"line":21,"column":34}}},"fnMap":{"0":{"name":"(anonymous_0)","decl":{"start":{"line":14,"column":35},"end":{"line":14,"column":36}},"loc":{"start":{"line":14,"column":50},"end":{"line":17,"column":1}},"line":14},"1":{"name":"(anonymous_1)","decl":{"start":{"line":15,"column":26},"end":{"line":15,"column":27}},"loc":{"start":{"line":15,"column":36},"end":{"line":15,"column":51}},"line":15}},"branchMap":{},"s":{"0":3,"1":3,"2":3,"3":0,"4":0,"5":0,"6":3,"7":3},"f":{"0":0,"1":0},"b":{},"_coverageSchema":"1a1c01bbd47fc00a2c39e90264f33305004495a9","hash":"8a32e50019e01049335e71c787113729678f6e09"}
,"C:\\Users\\Kushagra Agarwal\\Desktop\\code\\project\\backend\\src\\models\\User.js": {"path":"C:\\Users\\Kushagra Agarwal\\Desktop\\code\\project\\backend\\src\\models\\User.js","statementMap":{"0":{"start":{"line":1,"column":17},"end":{"line":1,"column":36}},"1":{"start":{"line":3,"column":19},"end":{"line":51,"column":24}},"2":{"start":{"line":53,"column":0},"end":{"line":53,"column":52}}},"fnMap":{},"branchMap":{},"s":{"0":3,"1":3,"2":3},"f":{},"b":{},"_coverageSchema":"1a1c01bbd47fc00a2c39e90264f33305004495a9","hash":"ec263c9dea7ef00c56f91595ca9e561ec4da914a"}
,"C:\\Users\\Kushagra Agarwal\\Desktop\\code\\project\\backend\\src\\models\\UserActivity.js": {"path":"C:\\Users\\Kushagra Agarwal\\Desktop\\code\\project\\backend\\src\\models\\UserActivity.js","statementMap":{"0":{"start":{"line":1,"column":17},"end":{"line":1,"column":36}},"1":{"start":{"line":3,"column":27},"end":{"line":21,"column":2}},"2":{"start":{"line":23,"column":0},"end":{"line":28,"column":3}},"3":{"start":{"line":24,"column":4},"end":{"line":26,"column":7}},"4":{"start":{"line":25,"column":8},"end":{"line":25,"column":37}},"5":{"start":{"line":27,"column":4},"end":{"line":27,"column":11}},"6":{"start":{"line":30,"column":21},"end":{"line":30,"column":71}},"7":{"start":{"line":31,"column":0},"end":{"line":31,"column":30}}},"fnMap":{"0":{"name":"(anonymous_0)","decl":{"start":{"line":23,"column":31},"end":{"line":23,"column":32}},"loc":{"start":{"line":23,"column":46},"end":{"line":28,"column":1}},"line":23},"1":{"name":"(anonymous_1)","decl":{"start":{"line":24,"column":36},"end":{"line":24,"column":37}},"loc":{"start":{"line":24,"column":45},"end":{"line":26,"column":5}},"line":24}},"branchMap":{},"s":{"0":3,"1":3,"2":3,"3":0,"4":0,"5":0,"6":3,"7":3},"f":{"0":0,"1":0},"b":{},"_coverageSchema":"1a1c01bbd47fc00a2c39e90264f33305004495a9","hash":"59dcc12f37290dc0bc619e21772ae4c6f9e5e3b5"}
,"C:\\Users\\Kushagra Agarwal\\Desktop\\code\\project\\backend\\src\\routes\\authRoutes.js": {"path":"C:\\Users\\Kushagra Agarwal\\Desktop\\code\\project\\backend\\src\\routes\\authRoutes.js","statementMap":{"0":{"start":{"line":1,"column":15},"end":{"line":1,"column":42}},"1":{"start":{"line":2,"column":15},"end":{"line":2,"column":61}},"2":{"start":{"line":3,"column":14},"end":{"line":3,"column":59}},"3":{"start":{"line":4,"column":13},"end":{"line":4,"column":57}},"4":{"start":{"line":5,"column":15},"end":{"line":5,"column":61}},"5":{"start":{"line":7,"column":0},"end":{"line":7,"column":31}},"6":{"start":{"line":8,"column":0},"end":{"line":8,"column":29}},"7":{"start":{"line":9,"column":0},"end":{"line":9,"column":31}},"8":{"start":{"line":10,"column":0},"end":{"line":10,"column":26}},"9":{"start":{"line":12,"column":0},"end":{"line":12,"column":24}}},"fnMap":{},"branchMap":{},"s":{"0":3,"1":3,"2":3,"3":3,"4":3,"5":3,"6":3,"7":3,"8":3,"9":3},"f":{},"b":{},"_coverageSchema":"1a1c01bbd47fc00a2c39e90264f33305004495a9","hash":"6258b1976d25391257dc3f60a92d728669a4a4af"}
,"C:\\Users\\Kushagra Agarwal\\Desktop\\code\\project\\backend\\src\\routes\\questRoutes.js": {"path":"C:\\Users\\Kushagra Agarwal\\Desktop\\code\\project\\backend\\src\\routes\\questRoutes.js","statementMap":{"0":{"start":{"line":1,"column":16},"end":{"line":1,"column":34}},"1":{"start":{"line":2,"column":15},"end":{"line":2,"column":31}},"2":{"start":{"line":3,"column":20},"end":{"line":3,"column":72}},"3":{"start":{"line":4,"column":21},"end":{"line":4,"column":74}},"4":{"start":{"line":5,"column":24},"end":{"line":5,"column":76}},"5":{"start":{"line":6,"column":23},"end":{"line":6,"column":78}},"6":{"start":{"line":7,"column":23},"end":{"line":7,"column":78}},"7":{"start":{"line":9,"column":0},"end":{"line":9,"column":48}},"8":{"start":{"line":10,"column":0},"end":{"line":10,"column":36}},"9":{"start":{"line":11,"column":0},"end":{"line":11,"column":36}},"10":{"start":{"line":12,"column":0},"end":{"line":12,"column":53}},"11":{"start":{"line":13,"column":0},"end":{"line":13,"column":41}},"12":{"start":{"line":15,"column":0},"end":{"line":15,"column":24}}},"fnMap":{},"branchMap":{},"s":{"0":3,"1":3,"2":3,"3":3,"4":3,"5":3,"6":3,"7":3,"8":3,"9":3,"10":3,"11":3,"12":3},"f":{},"b":{},"_coverageSchema":"1a1c01bbd47fc00a2c39e90264f33305004495a9","hash":"c85b7930d3711cc42aa88ecb3827cce707e4c5f8"}
,"C:\\Users\\Kushagra Agarwal\\Desktop\\code\\project\\backend\\src\\routes\\userRoutes.js": {"path":"C:\\Users\\Kushagra Agarwal\\Desktop\\code\\project\\backend\\src\\routes\\userRoutes.js","statementMap":{"0":{"start":{"line":1,"column":15},"end":{"line":1,"column":42}},"1":{"start":{"line":2,"column":25},"end":{"line":2,"column":81}},"2":{"start":{"line":4,"column":0},"end":{"line":4,"column":46}},"3":{"start":{"line":6,"column":0},"end":{"line":6,"column":24}}},"fnMap":{},"branchMap":{},"s":{"0":3,"1":3,"2":3,"3":3},"f":{},"b":{},"_coverageSchema":"1a1c01bbd47fc00a2c39e90264f33305004495a9","hash":"f287f63d72cdc2c5ed3ff46704676410c6d30e78"}
}
